build/app/outputs/logs/manifest-merger-debug-report.txt
-- Merging decision tree log ---
manifest
ADDED from src\main\AndroidManifest.xml:1:1-46:12
INJECTED from src\main\AndroidManifest.xml:1:1-46:12
INJECTED from src\main\AndroidManifest.xml:1:1-46:12
INJECTED from src\main\AndroidManifest.xml:1:1-46:12
MERGED from src\main\AndroidManifest.xml:1:1-46:12
MERGED from [:shared_preferences_android] AndroidManifest.xml:2:1-7:12
MERGED from [:geolocator_android] AndroidManifest.xml:2:1-17:12
MERGED from [:image_picker] AndroidManifest.xml:2:1-19:12
MERGED from [:camera] AndroidManifest.xml:2:1-12:12
MERGED from [:flutter_plugin_android_lifecycle] AndroidManifest.xml:2:1-7:12
MERGED from [:path_provider_android] AndroidManifest.xml:2:1-7:12
MERGED from [:location] AndroidManifest.xml:2:1-18:12
MERGED from [:mapbox_gl] AndroidManifest.xml:2:1-7:12
MERGED from [:permission_handler] AndroidManifest.xml:2:1-7:12
MERGED from [:flutter_secure_storage] AndroidManifest.xml:2:1-11:12
MERGED from [:flutter_webview_plugin] AndroidManifest.xml:2:1-21:12
MERGED from [com.mapbox.maps:android:10.1.0] AndroidManifest.xml:2:1-9:12
MERGED from [com.mapbox.plugin:maps-annotation:10.1.0] AndroidManifest.xml:2:1-9:12
MERGED from [com.mapbox.extension:maps-localization:10.1.0] AndroidManifest.xml:2:1-9:12
MERGED from [com.mapbox.extension:maps-style:10.1.0] AndroidManifest.xml:2:1-9:12
MERGED from [com.mapbox.plugin:maps-logo:10.1.0] AndroidManifest.xml:2:1-9:12
MERGED from [com.mapbox.plugin:maps-compass:10.1.0] AndroidManifest.xml:2:1-9:12
MERGED from [com.mapbox.plugin:maps-gestures:10.1.0] AndroidManifest.xml:2:1-9:12
MERGED from [com.mapbox.plugin:maps-attribution:10.1.0] AndroidManifest.xml:2:1-9:12
MERGED from [com.mapbox.plugin:maps-locationcomponent:10.1.0] AndroidManifest.xml:2:1-9:12
MERGED from [com.mapbox.plugin:maps-animation:10.1.0] AndroidManifest.xml:2:1-9:12
MERGED from [com.mapbox.plugin:maps-scalebar:10.1.0] AndroidManifest.xml:2:1-9:12
MERGED from [com.mapbox.plugin:maps-overlay:10.1.0] AndroidManifest.xml:2:1-9:12
MERGED from [com.mapbox.plugin:maps-lifecycle:10.1.0] AndroidManifest.xml:2:1-9:12
MERGED from [com.mapbox.module:maps-telemetry:10.1.0] AndroidManifest.xml:2:1-9:12
MERGED from [com.mapbox.maps:base:10.1.0] AndroidManifest.xml:2:1-9:12
MERGED from [com.mapbox.common:okhttp:20.1.0] AndroidManifest.xml:2:1-11:12
MERGED from [com.mapbox.maps:android-core:10.1.0] AndroidManifest.xml:2:1-20:12
MERGED from [com.mapbox.common:common:20.1.0] AndroidManifest.xml:2:1-34:12
MERGED from [com.mapbox.common:logger:0.5.0] AndroidManifest.xml:2:1-9:12
MERGED from [com.mapbox.common:loader:0.5.0] AndroidManifest.xml:2:1-9:12
MERGED from [com.mapbox.base:common:0.5.0] AndroidManifest.xml:2:1-9:12
MERGED from [androidx.window:window-java:1.0.0-beta04] AndroidManifest.xml:17:1-23:12
MERGED from [androidx.window:window:1.0.0-beta04] AndroidManifest.xml:17:1-33:12
MERGED from [com.google.android.gms:play-services-location:17.0.0] AndroidManifest.xml:2:1-9:12
MERGED from [androidx.core:core-ktx:1.3.2] AndroidManifest.xml:2:1-9:12
MERGED from [com.google.android.gms:play-services-base:17.0.0] AndroidManifest.xml:17:1-29:12
MERGED from [com.google.android.gms:play-services-places-placereport:17.0.0] AndroidManifest.xml:17:1-24:12
MERGED from [com.google.android.gms:play-services-tasks:17.0.0] AndroidManifest.xml:2:1-9:12
MERGED from [com.google.android.gms:play-services-basement:17.0.0] AndroidManifest.xml:17:1-28:12
MERGED from [com.mapbox.mapboxsdk:mapbox-android-plugin-annotation-v9:0.9.0] AndroidManifest.xml:2:1-9:12
MERGED from [com.mapbox.mapboxsdk:mapbox-android-plugin-localization-v9:0.12.0] AndroidManifest.xml:2:1-9:12
MERGED from [com.mapbox.mapboxsdk:mapbox-android-plugin-offline-v9:0.7.0] AndroidManifest.xml:2:1-22:12
MERGED from [com.mapbox.mapboxsdk:mapbox-android-sdk:9.6.2] AndroidManifest.xml:2:1-21:12
MERGED from [com.mapbox.mapboxsdk:mapbox-android-telemetry-okhttp3:8.1.0] AndroidManifest.xml:2:1-36:12
MERGED from [com.mapbox.mapboxsdk:mapbox-android-gestures:0.7.0] AndroidManifest.xml:2:1-11:12
MERGED from [androidx.legacy:legacy-support-v4:1.0.0] AndroidManifest.xml:17:1-22:12
MERGED from [com.google.android.material:material:1.0.0] AndroidManifest.xml:17:1-24:12
MERGED from [androidx.appcompat:appcompat:1.3.0] AndroidManifest.xml:17:1-24:12
MERGED from [androidx.recyclerview:recyclerview:1.0.0] AndroidManifest.xml:17:1-22:12
MERGED from [androidx.legacy:legacy-support-core-ui:1.0.0] AndroidManifest.xml:17:1-22:12
MERGED from [androidx.legacy:legacy-support-core-utils:1.0.0] AndroidManifest.xml:17:1-22:12
MERGED from [androidx.media:media:1.0.0] AndroidManifest.xml:17:1-22:12
MERGED from [androidx.transition:transition:1.0.0] AndroidManifest.xml:17:1-22:12
MERGED from [androidx.fragment:fragment:1.3.4] AndroidManifest.xml:17:1-24:12
MERGED from [androidx.activity:activity:1.2.3] AndroidManifest.xml:17:1-24:12
MERGED from [androidx.appcompat:appcompat-resources:1.3.0] AndroidManifest.xml:17:1-24:12
MERGED from [androidx.drawerlayout:drawerlayout:1.0.0] AndroidManifest.xml:17:1-22:12
MERGED from [androidx.loader:loader:1.0.0] AndroidManifest.xml:17:1-22:12
MERGED from [androidx.viewpager:viewpager:1.0.0] AndroidManifest.xml:17:1-22:12
MERGED from [androidx.coordinatorlayout:coordinatorlayout:1.0.0] AndroidManifest.xml:17:1-22:12
MERGED from [androidx.slidingpanelayout:slidingpanelayout:1.0.0] AndroidManifest.xml:17:1-22:12
MERGED from [androidx.customview:customview:1.0.0] AndroidManifest.xml:17:1-22:12
MERGED from [androidx.swiperefreshlayout:swiperefreshlayout:1.0.0] AndroidManifest.xml:17:1-22:12
MERGED from [androidx.asynclayoutinflater:asynclayoutinflater:1.0.0] AndroidManifest.xml:17:1-22:12
MERGED from [androidx.vectordrawable:vectordrawable-animated:1.1.0] AndroidManifest.xml:17:1-24:12
MERGED from [androidx.vectordrawable:vectordrawable:1.1.0] AndroidManifest.xml:17:1-24:12
MERGED from [androidx.core:core:1.6.0] AndroidManifest.xml:17:1-26:12
MERGED from [androidx.exifinterface:exifinterface:1.3.0] AndroidManifest.xml:17:1-24:12
MERGED from [androidx.startup:startup-runtime:1.1.0] AndroidManifest.xml:17:1-33:12
MERGED from [androidx.tracing:tracing:1.0.0] AndroidManifest.xml:17:1-24:12
MERGED from [com.mapbox.mapboxsdk:mapbox-android-accounts:0.7.0] AndroidManifest.xml:2:1-9:12
MERGED from [androidx.interpolator:interpolator:1.0.0] AndroidManifest.xml:17:1-22:12
MERGED from [androidx.versionedparcelable:versionedparcelable:1.1.1] AndroidManifest.xml:17:1-27:12
MERGED from [androidx.cardview:cardview:1.0.0] AndroidManifest.xml:17:1-22:12
MERGED from [androidx.lifecycle:lifecycle-runtime:2.3.1] AndroidManifest.xml:17:1-24:12
MERGED from [androidx.cursoradapter:cursoradapter:1.0.0] AndroidManifest.xml:17:1-22:12
MERGED from [androidx.lifecycle:lifecycle-viewmodel-savedstate:2.3.1] AndroidManifest.xml:17:1-24:12
MERGED from [androidx.savedstate:savedstate:1.1.0] AndroidManifest.xml:17:1-24:12
MERGED from [androidx.lifecycle:lifecycle-viewmodel:2.3.1] AndroidManifest.xml:17:1-24:12
MERGED from [androidx.documentfile:documentfile:1.0.0] AndroidManifest.xml:17:1-22:12
MERGED from [androidx.localbroadcastmanager:localbroadcastmanager:1.0.0] AndroidManifest.xml:17:1-22:12
MERGED from [androidx.print:print:1.0.0] AndroidManifest.xml:17:1-22:12
MERGED from [androidx.lifecycle:lifecycle-livedata:2.0.0] AndroidManifest.xml:17:1-22:12
MERGED from [androidx.lifecycle:lifecycle-livedata-core:2.3.1] AndroidManifest.xml:17:1-24:12
MERGED from [androidx.arch.core:core-runtime:2.1.0] AndroidManifest.xml:17:1-24:12
MERGED from [androidx.multidex:multidex:2.0.0] AndroidManifest.xml:17:1-22:12
MERGED from [com.mapbox.mapboxsdk:mapbox-android-core:5.0.0] AndroidManifest.xml:2:1-13:12
MERGED from [com.mapbox.mapboxsdk:mapbox-android-sdk-gl-core:5.2.2] AndroidManifest.xml:2:1-21:12
MERGED from [com.jakewharton.timber:timber:4.7.1] AndroidManifest.xml:2:1-9:12
MERGED from [androidx.constraintlayout:constraintlayout:1.1.3] AndroidManifest.xml:2:1-11:12
MERGED from [androidx.annotation:annotation-experimental:1.1.0] AndroidManifest.xml:17:1-24:12
INJECTED from src\debug\AndroidManifest.xml:1:1-7:12
INJECTED from src\debug\AndroidManifest.xml:1:1-7:12
INJECTED from src\debug\AndroidManifest.xml:1:1-7:12
	package
		ADDED from src\main\AndroidManifest.xml:2:5-33
		INJECTED from src\main\AndroidManifest.xml
		INJECTED from src\debug\AndroidManifest.xml
	android:versionName
		INJECTED from src\main\AndroidManifest.xml
		ADDED from src\main\AndroidManifest.xml:1:1-46:12
		INJECTED from src\debug\AndroidManifest.xml
	android:versionCode
		INJECTED from src\main\AndroidManifest.xml
		ADDED from src\main\AndroidManifest.xml:1:1-46:12
		INJECTED from src\debug\AndroidManifest.xml
	xmlns:android
		ADDED from src\main\AndroidManifest.xml:1:11-69
uses-permission#android.permission.INTERNET
ADDED from src\main\AndroidManifest.xml:3:5-67
MERGED from src\main\AndroidManifest.xml:3:5-67
MERGED from src\main\AndroidManifest.xml:3:5-67
MERGED from [com.mapbox.maps:android-core:10.1.0] AndroidManifest.xml:16:5-67
MERGED from [com.mapbox.maps:android-core:10.1.0] AndroidManifest.xml:16:5-67
MERGED from [com.mapbox.mapboxsdk:mapbox-android-sdk:9.6.2] AndroidManifest.xml:16:5-67
MERGED from [com.mapbox.mapboxsdk:mapbox-android-sdk:9.6.2] AndroidManifest.xml:16:5-67
MERGED from [com.mapbox.mapboxsdk:mapbox-android-telemetry-okhttp3:8.1.0] AndroidManifest.xml:15:5-67
MERGED from [com.mapbox.mapboxsdk:mapbox-android-telemetry-okhttp3:8.1.0] AndroidManifest.xml:15:5-67
MERGED from [com.mapbox.mapboxsdk:mapbox-android-sdk-gl-core:5.2.2] AndroidManifest.xml:16:5-67
MERGED from [com.mapbox.mapboxsdk:mapbox-android-sdk-gl-core:5.2.2] AndroidManifest.xml:16:5-67
	android:name
		ADDED from src\main\AndroidManifest.xml:3:22-64
uses-permission#android.permission.ACCESS_NETWORK_STATE
ADDED from src\main\AndroidManifest.xml:4:5-79
MERGED from [com.mapbox.maps:android-core:10.1.0] AndroidManifest.xml:17:5-79
MERGED from [com.mapbox.maps:android-core:10.1.0] AndroidManifest.xml:17:5-79
MERGED from [com.mapbox.common:common:20.1.0] AndroidManifest.xml:10:5-79
MERGED from [com.mapbox.common:common:20.1.0] AndroidManifest.xml:10:5-79
MERGED from [com.mapbox.mapboxsdk:mapbox-android-sdk:9.6.2] AndroidManifest.xml:17:5-79
MERGED from [com.mapbox.mapboxsdk:mapbox-android-sdk:9.6.2] AndroidManifest.xml:17:5-79
MERGED from [com.mapbox.mapboxsdk:mapbox-android-telemetry-okhttp3:8.1.0] AndroidManifest.xml:13:5-79
MERGED from [com.mapbox.mapboxsdk:mapbox-android-telemetry-okhttp3:8.1.0] AndroidManifest.xml:13:5-79
MERGED from [com.mapbox.mapboxsdk:mapbox-android-core:5.0.0] AndroidManifest.xml:11:5-79
MERGED from [com.mapbox.mapboxsdk:mapbox-android-core:5.0.0] AndroidManifest.xml:11:5-79
MERGED from [com.mapbox.mapboxsdk:mapbox-android-sdk-gl-core:5.2.2] AndroidManifest.xml:17:5-79
MERGED from [com.mapbox.mapboxsdk:mapbox-android-sdk-gl-core:5.2.2] AndroidManifest.xml:17:5-79
	android:name
		ADDED from src\main\AndroidManifest.xml:4:22-76
uses-permission#android.permission.ACCESS_FINE_LOCATION
ADDED from src\main\AndroidManifest.xml:5:5-79
MERGED from [:location] AndroidManifest.xml:8:5-79
MERGED from [:location] AndroidManifest.xml:8:5-79
MERGED from [com.mapbox.mapboxsdk:mapbox-android-sdk:9.6.2] AndroidManifest.xml:19:5-79
MERGED from [com.mapbox.mapboxsdk:mapbox-android-sdk:9.6.2] AndroidManifest.xml:19:5-79
MERGED from [com.mapbox.mapboxsdk:mapbox-android-sdk-gl-core:5.2.2] AndroidManifest.xml:19:5-79
MERGED from [com.mapbox.mapboxsdk:mapbox-android-sdk-gl-core:5.2.2] AndroidManifest.xml:19:5-79
	android:name
		ADDED from src\main\AndroidManifest.xml:5:22-76
uses-permission#android.permission.READ_PHONE_STATE
ADDED from src\main\AndroidManifest.xml:6:5-75
	android:name
		ADDED from src\main\AndroidManifest.xml:6:22-72
application
ADDED from src\main\AndroidManifest.xml:7:4-45:19
MERGED from [:geolocator_android] AndroidManifest.xml:9:5-15:19
MERGED from [:geolocator_android] AndroidManifest.xml:9:5-15:19
MERGED from [:image_picker] AndroidManifest.xml:7:5-17:19
MERGED from [:image_picker] AndroidManifest.xml:7:5-17:19
MERGED from [:location] AndroidManifest.xml:10:5-16:19
MERGED from [:location] AndroidManifest.xml:10:5-16:19
MERGED from [:flutter_webview_plugin] AndroidManifest.xml:8:5-19:19
MERGED from [:flutter_webview_plugin] AndroidManifest.xml:8:5-19:19
MERGED from [com.mapbox.common:common:20.1.0] AndroidManifest.xml:12:5-32:19
MERGED from [com.mapbox.common:common:20.1.0] AndroidManifest.xml:12:5-32:19
MERGED from [androidx.window:window:1.0.0-beta04] AndroidManifest.xml:24:5-31:19
MERGED from [androidx.window:window:1.0.0-beta04] AndroidManifest.xml:24:5-31:19
MERGED from [com.google.android.gms:play-services-location:17.0.0] AndroidManifest.xml:7:5-20
MERGED from [com.google.android.gms:play-services-location:17.0.0] AndroidManifest.xml:7:5-20
MERGED from [com.google.android.gms:play-services-base:17.0.0] AndroidManifest.xml:22:5-27:19
MERGED from [com.google.android.gms:play-services-base:17.0.0] AndroidManifest.xml:22:5-27:19
MERGED from [com.google.android.gms:play-services-places-placereport:17.0.0] AndroidManifest.xml:22:5-20
MERGED from [com.google.android.gms:play-services-places-placereport:17.0.0] AndroidManifest.xml:22:5-20
MERGED from [com.google.android.gms:play-services-tasks:17.0.0] AndroidManifest.xml:7:5-20
MERGED from [com.google.android.gms:play-services-tasks:17.0.0] AndroidManifest.xml:7:5-20
MERGED from [com.google.android.gms:play-services-basement:17.0.0] AndroidManifest.xml:22:5-26:19
MERGED from [com.google.android.gms:play-services-basement:17.0.0] AndroidManifest.xml:22:5-26:19
MERGED from [com.mapbox.mapboxsdk:mapbox-android-plugin-offline-v9:0.7.0] AndroidManifest.xml:9:5-20:19
MERGED from [com.mapbox.mapboxsdk:mapbox-android-plugin-offline-v9:0.7.0] AndroidManifest.xml:9:5-20:19
MERGED from [com.mapbox.mapboxsdk:mapbox-android-telemetry-okhttp3:8.1.0] AndroidManifest.xml:20:5-34:19
MERGED from [com.mapbox.mapboxsdk:mapbox-android-telemetry-okhttp3:8.1.0] AndroidManifest.xml:20:5-34:19
MERGED from [com.google.android.material:material:1.0.0] AndroidManifest.xml:22:5-20
MERGED from [com.google.android.material:material:1.0.0] AndroidManifest.xml:22:5-20
MERGED from [androidx.core:core:1.6.0] AndroidManifest.xml:24:5-89
MERGED from [androidx.core:core:1.6.0] AndroidManifest.xml:24:5-89
MERGED from [androidx.startup:startup-runtime:1.1.0] AndroidManifest.xml:25:5-31:19
MERGED from [androidx.startup:startup-runtime:1.1.0] AndroidManifest.xml:25:5-31:19
MERGED from [androidx.versionedparcelable:versionedparcelable:1.1.1] AndroidManifest.xml:24:5-25:19
MERGED from [androidx.versionedparcelable:versionedparcelable:1.1.1] AndroidManifest.xml:24:5-25:19
MERGED from [com.jakewharton.timber:timber:4.7.1] AndroidManifest.xml:7:5-20
MERGED from [com.jakewharton.timber:timber:4.7.1] AndroidManifest.xml:7:5-20
MERGED from [androidx.constraintlayout:constraintlayout:1.1.3] AndroidManifest.xml:9:5-20
MERGED from [androidx.constraintlayout:constraintlayout:1.1.3] AndroidManifest.xml:9:5-20
	android:appComponentFactory
		ADDED from [androidx.core:core:1.6.0] AndroidManifest.xml:24:18-86
	android:label
		ADDED from src\main\AndroidManifest.xml:8:9-31
	android:icon
		ADDED from src\main\AndroidManifest.xml:9:9-43
meta-data#com.mapbox.token
ADDED from src\main\AndroidManifest.xml:10:9-171
	android:value
		ADDED from src\main\AndroidManifest.xml:10:52-168
	android:name
		ADDED from src\main\AndroidManifest.xml:10:20-51
activity#com.example.sinitt.MainActivity
ADDED from src\main\AndroidManifest.xml:11:9-39:20
	android:launchMode
		ADDED from src\main\AndroidManifest.xml:13:13-43
	android:hardwareAccelerated
		ADDED from src\main\AndroidManifest.xml:16:13-47
	android:windowSoftInputMode
		ADDED from src\main\AndroidManifest.xml:17:13-55
	android:configChanges
		ADDED from src\main\AndroidManifest.xml:15:13-163
	android:theme
		ADDED from src\main\AndroidManifest.xml:14:13-47
	android:name
		ADDED from src\main\AndroidManifest.xml:12:13-41
meta-data#io.flutter.embedding.android.NormalTheme
ADDED from src\main\AndroidManifest.xml:22:13-25:17
	android:resource
		ADDED from src\main\AndroidManifest.xml:24:15-52
	android:name
		ADDED from src\main\AndroidManifest.xml:23:15-70
meta-data#io.flutter.embedding.android.SplashScreenDrawable
ADDED from src\main\AndroidManifest.xml:31:13-34:17
	android:resource
		ADDED from src\main\AndroidManifest.xml:33:15-61
	android:name
		ADDED from src\main\AndroidManifest.xml:32:15-79
intent-filter#action:name:android.intent.action.MAIN+category:name:android.intent.category.LAUNCHER
ADDED from src\main\AndroidManifest.xml:35:13-38:29
action#android.intent.action.MAIN
ADDED from src\main\AndroidManifest.xml:36:17-68
	android:name
		ADDED from src\main\AndroidManifest.xml:36:25-66
category#android.intent.category.LAUNCHER
ADDED from src\main\AndroidManifest.xml:37:17-76
	android:name
		ADDED from src\main\AndroidManifest.xml:37:27-74
meta-data#flutterEmbedding
ADDED from src\main\AndroidManifest.xml:42:9-44:33
	android:value
		ADDED from src\main\AndroidManifest.xml:44:13-30
	android:name
		ADDED from src\main\AndroidManifest.xml:43:13-44
uses-sdk
INJECTED from src\main\AndroidManifest.xml reason: use-sdk injection requested
INJECTED from src\main\AndroidManifest.xml
INJECTED from src\main\AndroidManifest.xml
MERGED from [:shared_preferences_android] AndroidManifest.xml:5:5-44
MERGED from [:shared_preferences_android] AndroidManifest.xml:5:5-44
MERGED from [:geolocator_android] AndroidManifest.xml:5:5-44
MERGED from [:geolocator_android] AndroidManifest.xml:5:5-44
MERGED from [:image_picker] AndroidManifest.xml:5:5-44
MERGED from [:image_picker] AndroidManifest.xml:5:5-44
MERGED from [:camera] AndroidManifest.xml:5:5-7:41
MERGED from [:camera] AndroidManifest.xml:5:5-7:41
MERGED from [:flutter_plugin_android_lifecycle] AndroidManifest.xml:5:5-44
MERGED from [:flutter_plugin_android_lifecycle] AndroidManifest.xml:5:5-44
MERGED from [:path_provider_android] AndroidManifest.xml:5:5-44
MERGED from [:path_provider_android] AndroidManifest.xml:5:5-44
MERGED from [:location] AndroidManifest.xml:5:5-44
MERGED from [:location] AndroidManifest.xml:5:5-44
MERGED from [:mapbox_gl] AndroidManifest.xml:5:5-44
MERGED from [:mapbox_gl] AndroidManifest.xml:5:5-44
MERGED from [:permission_handler] AndroidManifest.xml:5:5-44
MERGED from [:permission_handler] AndroidManifest.xml:5:5-44
MERGED from [:flutter_secure_storage] AndroidManifest.xml:7:5-9:41
MERGED from [:flutter_secure_storage] AndroidManifest.xml:7:5-9:41
MERGED from [:flutter_webview_plugin] AndroidManifest.xml:6:5-44
MERGED from [:flutter_webview_plugin] AndroidManifest.xml:6:5-44
MERGED from [com.mapbox.maps:android:10.1.0] AndroidManifest.xml:5:5-7:41
MERGED from [com.mapbox.maps:android:10.1.0] AndroidManifest.xml:5:5-7:41
MERGED from [com.mapbox.plugin:maps-annotation:10.1.0] AndroidManifest.xml:5:5-7:41
MERGED from [com.mapbox.plugin:maps-annotation:10.1.0] AndroidManifest.xml:5:5-7:41
MERGED from [com.mapbox.extension:maps-localization:10.1.0] AndroidManifest.xml:5:5-7:41
MERGED from [com.mapbox.extension:maps-localization:10.1.0] AndroidManifest.xml:5:5-7:41
MERGED from [com.mapbox.extension:maps-style:10.1.0] AndroidManifest.xml:5:5-7:41
MERGED from [com.mapbox.extension:maps-style:10.1.0] AndroidManifest.xml:5:5-7:41
MERGED from [com.mapbox.plugin:maps-logo:10.1.0] AndroidManifest.xml:5:5-7:41
MERGED from [com.mapbox.plugin:maps-logo:10.1.0] AndroidManifest.xml:5:5-7:41
MERGED from [com.mapbox.plugin:maps-compass:10.1.0] AndroidManifest.xml:5:5-7:41
MERGED from [com.mapbox.plugin:maps-compass:10.1.0] AndroidManifest.xml:5:5-7:41
MERGED from [com.mapbox.plugin:maps-gestures:10.1.0] AndroidManifest.xml:5:5-7:41
MERGED from [com.mapbox.plugin:maps-gestures:10.1.0] AndroidManifest.xml:5:5-7:41
MERGED from [com.mapbox.plugin:maps-attribution:10.1.0] AndroidManifest.xml:5:5-7:41
MERGED from [com.mapbox.plugin:maps-attribution:10.1.0] AndroidManifest.xml:5:5-7:41
MERGED from [com.mapbox.plugin:maps-locationcomponent:10.1.0] AndroidManifest.xml:5:5-7:41
MERGED from [com.mapbox.plugin:maps-locationcomponent:10.1.0] AndroidManifest.xml:5:5-7:41
MERGED from [com.mapbox.plugin:maps-animation:10.1.0] AndroidManifest.xml:5:5-7:41
MERGED from [com.mapbox.plugin:maps-animation:10.1.0] AndroidManifest.xml:5:5-7:41
MERGED from [com.mapbox.plugin:maps-scalebar:10.1.0] AndroidManifest.xml:5:5-7:41
MERGED from [com.mapbox.plugin:maps-scalebar:10.1.0] AndroidManifest.xml:5:5-7:41
MERGED from [com.mapbox.plugin:maps-overlay:10.1.0] AndroidManifest.xml:5:5-7:41
MERGED from [com.mapbox.plugin:maps-overlay:10.1.0] AndroidManifest.xml:5:5-7:41
MERGED from [com.mapbox.plugin:maps-lifecycle:10.1.0] AndroidManifest.xml:5:5-7:41
MERGED from [com.mapbox.plugin:maps-lifecycle:10.1.0] AndroidManifest.xml:5:5-7:41
MERGED from [com.mapbox.module:maps-telemetry:10.1.0] AndroidManifest.xml:5:5-7:41
MERGED from [com.mapbox.module:maps-telemetry:10.1.0] AndroidManifest.xml:5:5-7:41
MERGED from [com.mapbox.maps:base:10.1.0] AndroidManifest.xml:5:5-7:41
MERGED from [com.mapbox.maps:base:10.1.0] AndroidManifest.xml:5:5-7:41
MERGED from [com.mapbox.common:okhttp:20.1.0] AndroidManifest.xml:5:5-7:41
MERGED from [com.mapbox.common:okhttp:20.1.0] AndroidManifest.xml:5:5-7:41
MERGED from [com.mapbox.maps:android-core:10.1.0] AndroidManifest.xml:5:5-7:41
MERGED from [com.mapbox.maps:android-core:10.1.0] AndroidManifest.xml:5:5-7:41
MERGED from [com.mapbox.common:common:20.1.0] AndroidManifest.xml:6:5-8:41
MERGED from [com.mapbox.common:common:20.1.0] AndroidManifest.xml:6:5-8:41
MERGED from [com.mapbox.common:logger:0.5.0] AndroidManifest.xml:5:5-7:41
MERGED from [com.mapbox.common:logger:0.5.0] AndroidManifest.xml:5:5-7:41
MERGED from [com.mapbox.common:loader:0.5.0] AndroidManifest.xml:5:5-7:41
MERGED from [com.mapbox.common:loader:0.5.0] AndroidManifest.xml:5:5-7:41
MERGED from [com.mapbox.base:common:0.5.0] AndroidManifest.xml:5:5-7:41
MERGED from [com.mapbox.base:common:0.5.0] AndroidManifest.xml:5:5-7:41
MERGED from [androidx.window:window-java:1.0.0-beta04] AndroidManifest.xml:19:5-21:41
MERGED from [androidx.window:window-java:1.0.0-beta04] AndroidManifest.xml:19:5-21:41
MERGED from [androidx.window:window:1.0.0-beta04] AndroidManifest.xml:20:5-22:41
MERGED from [androidx.window:window:1.0.0-beta04] AndroidManifest.xml:20:5-22:41
MERGED from [com.google.android.gms:play-services-location:17.0.0] AndroidManifest.xml:5:5-44
MERGED from [com.google.android.gms:play-services-location:17.0.0] AndroidManifest.xml:5:5-44
MERGED from [androidx.core:core-ktx:1.3.2] AndroidManifest.xml:5:5-7:41
MERGED from [androidx.core:core-ktx:1.3.2] AndroidManifest.xml:5:5-7:41
MERGED from [com.google.android.gms:play-services-base:17.0.0] AndroidManifest.xml:20:5-44
MERGED from [com.google.android.gms:play-services-base:17.0.0] AndroidManifest.xml:20:5-44
MERGED from [com.google.android.gms:play-services-places-placereport:17.0.0] AndroidManifest.xml:20:5-44
MERGED from [com.google.android.gms:play-services-places-placereport:17.0.0] AndroidManifest.xml:20:5-44
MERGED from [com.google.android.gms:play-services-tasks:17.0.0] AndroidManifest.xml:5:5-44
MERGED from [com.google.android.gms:play-services-tasks:17.0.0] AndroidManifest.xml:5:5-44
MERGED from [com.google.android.gms:play-services-basement:17.0.0] AndroidManifest.xml:20:5-44
MERGED from [com.google.android.gms:play-services-basement:17.0.0] AndroidManifest.xml:20:5-44
MERGED from [com.mapbox.mapboxsdk:mapbox-android-plugin-annotation-v9:0.9.0] AndroidManifest.xml:5:5-7:41
MERGED from [com.mapbox.mapboxsdk:mapbox-android-plugin-annotation-v9:0.9.0] AndroidManifest.xml:5:5-7:41
MERGED from [com.mapbox.mapboxsdk:mapbox-android-plugin-localization-v9:0.12.0] AndroidManifest.xml:5:5-7:41
MERGED from [com.mapbox.mapboxsdk:mapbox-android-plugin-localization-v9:0.12.0] AndroidManifest.xml:5:5-7:41
MERGED from [com.mapbox.mapboxsdk:mapbox-android-plugin-offline-v9:0.7.0] AndroidManifest.xml:5:5-7:41
MERGED from [com.mapbox.mapboxsdk:mapbox-android-plugin-offline-v9:0.7.0] AndroidManifest.xml:5:5-7:41
MERGED from [com.mapbox.mapboxsdk:mapbox-android-sdk:9.6.2] AndroidManifest.xml:5:5-7:41
MERGED from [com.mapbox.mapboxsdk:mapbox-android-sdk:9.6.2] AndroidManifest.xml:5:5-7:41
MERGED from [com.mapbox.mapboxsdk:mapbox-android-telemetry-okhttp3:8.1.0] AndroidManifest.xml:7:5-9:41
MERGED from [com.mapbox.mapboxsdk:mapbox-android-telemetry-okhttp3:8.1.0] AndroidManifest.xml:7:5-9:41
MERGED from [com.mapbox.mapboxsdk:mapbox-android-gestures:0.7.0] AndroidManifest.xml:7:5-9:41
MERGED from [com.mapbox.mapboxsdk:mapbox-android-gestures:0.7.0] AndroidManifest.xml:7:5-9:41
MERGED from [androidx.legacy:legacy-support-v4:1.0.0] AndroidManifest.xml:20:5-44
MERGED from [androidx.legacy:legacy-support-v4:1.0.0] AndroidManifest.xml:20:5-44
MERGED from [com.google.android.material:material:1.0.0] AndroidManifest.xml:20:5-44
MERGED from [com.google.android.material:material:1.0.0] AndroidManifest.xml:20:5-44
MERGED from [androidx.appcompat:appcompat:1.3.0] AndroidManifest.xml:20:5-22:41
MERGED from [androidx.appcompat:appcompat:1.3.0] AndroidManifest.xml:20:5-22:41
MERGED from [androidx.recyclerview:recyclerview:1.0.0] AndroidManifest.xml:20:5-44
MERGED from [androidx.recyclerview:recyclerview:1.0.0] AndroidManifest.xml:20:5-44
MERGED from [androidx.legacy:legacy-support-core-ui:1.0.0] AndroidManifest.xml:20:5-44
MERGED from [androidx.legacy:legacy-support-core-ui:1.0.0] AndroidManifest.xml:20:5-44
MERGED from [androidx.legacy:legacy-support-core-utils:1.0.0] AndroidManifest.xml:20:5-44
MERGED from [androidx.legacy:legacy-support-core-utils:1.0.0] AndroidManifest.xml:20:5-44
MERGED from [androidx.media:media:1.0.0] AndroidManifest.xml:20:5-44
MERGED from [androidx.media:media:1.0.0] AndroidManifest.xml:20:5-44
MERGED from [androidx.transition:transition:1.0.0] AndroidManifest.xml:20:5-44
MERGED from [androidx.transition:transition:1.0.0] AndroidManifest.xml:20:5-44
MERGED from [androidx.fragment:fragment:1.3.4] AndroidManifest.xml:20:5-22:41
MERGED from [androidx.fragment:fragment:1.3.4] AndroidManifest.xml:20:5-22:41
MERGED from [androidx.activity:activity:1.2.3] AndroidManifest.xml:20:5-22:41
MERGED from [androidx.activity:activity:1.2.3] AndroidManifest.xml:20:5-22:41
MERGED from [androidx.appcompat:appcompat-resources:1.3.0] AndroidManifest.xml:20:5-22:41
MERGED from [androidx.appcompat:appcompat-resources:1.3.0] AndroidManifest.xml:20:5-22:41
MERGED from [androidx.drawerlayout:drawerlayout:1.0.0] AndroidManifest.xml:20:5-44
MERGED from [androidx.drawerlayout:drawerlayout:1.0.0] AndroidManifest.xml:20:5-44
MERGED from [androidx.loader:loader:1.0.0] AndroidManifest.xml:20:5-44
MERGED from [androidx.loader:loader:1.0.0] AndroidManifest.xml:20:5-44
MERGED from [androidx.viewpager:viewpager:1.0.0] AndroidManifest.xml:20:5-44
MERGED from [androidx.viewpager:viewpager:1.0.0] AndroidManifest.xml:20:5-44
MERGED from [androidx.coordinatorlayout:coordinatorlayout:1.0.0] AndroidManifest.xml:20:5-44
MERGED from [androidx.coordinatorlayout:coordinatorlayout:1.0.0] AndroidManifest.xml:20:5-44
MERGED from [androidx.slidingpanelayout:slidingpanelayout:1.0.0] AndroidManifest.xml:20:5-44
MERGED from [androidx.slidingpanelayout:slidingpanelayout:1.0.0] AndroidManifest.xml:20:5-44
MERGED from [androidx.customview:customview:1.0.0] AndroidManifest.xml:20:5-44
MERGED from [androidx.customview:customview:1.0.0] AndroidManifest.xml:20:5-44
MERGED from [androidx.swiperefreshlayout:swiperefreshlayout:1.0.0] AndroidManifest.xml:20:5-44
MERGED from [androidx.swiperefreshlayout:swiperefreshlayout:1.0.0] AndroidManifest.xml:20:5-44
MERGED from [androidx.asynclayoutinflater:asynclayoutinflater:1.0.0] AndroidManifest.xml:20:5-44
MERGED from [androidx.asynclayoutinflater:asynclayoutinflater:1.0.0] AndroidManifest.xml:20:5-44
MERGED from [androidx.vectordrawable:vectordrawable-animated:1.1.0] AndroidManifest.xml:20:5-22:41
MERGED from [androidx.vectordrawable:vectordrawable-animated:1.1.0] AndroidManifest.xml:20:5-22:41
MERGED from [androidx.vectordrawable:vectordrawable:1.1.0] AndroidManifest.xml:20:5-22:41
MERGED from [androidx.vectordrawable:vectordrawable:1.1.0] AndroidManifest.xml:20:5-22:41
MERGED from [androidx.core:core:1.6.0] AndroidManifest.xml:20:5-22:41
MERGED from [androidx.core:core:1.6.0] AndroidManifest.xml:20:5-22:41
MERGED from [androidx.exifinterface:exifinterface:1.3.0] AndroidManifest.xml:20:5-22:41
MERGED from [androidx.exifinterface:exifinterface:1.3.0] AndroidManifest.xml:20:5-22:41
MERGED from [androidx.startup:startup-runtime:1.1.0] AndroidManifest.xml:21:5-23:41
MERGED from [androidx.startup:startup-runtime:1.1.0] AndroidManifest.xml:21:5-23:41
MERGED from [androidx.tracing:tracing:1.0.0] AndroidManifest.xml:20:5-22:41
MERGED from [androidx.tracing:tracing:1.0.0] AndroidManifest.xml:20:5-22:41
MERGED from [com.mapbox.mapboxsdk:mapbox-android-accounts:0.7.0] AndroidManifest.xml:5:5-7:41
MERGED from [com.mapbox.mapboxsdk:mapbox-android-accounts:0.7.0] AndroidManifest.xml:5:5-7:41
MERGED from [androidx.interpolator:interpolator:1.0.0] AndroidManifest.xml:20:5-44
MERGED from [androidx.interpolator:interpolator:1.0.0] AndroidManifest.xml:20:5-44
MERGED from [androidx.versionedparcelable:versionedparcelable:1.1.1] AndroidManifest.xml:20:5-22:41
MERGED from [androidx.versionedparcelable:versionedparcelable:1.1.1] AndroidManifest.xml:20:5-22:41
MERGED from [androidx.cardview:cardview:1.0.0] AndroidManifest.xml:20:5-44
MERGED from [androidx.cardview:cardview:1.0.0] AndroidManifest.xml:20:5-44
MERGED from [androidx.lifecycle:lifecycle-runtime:2.3.1] AndroidManifest.xml:20:5-22:41
MERGED from [androidx.lifecycle:lifecycle-runtime:2.3.1] AndroidManifest.xml:20:5-22:41
MERGED from [androidx.cursoradapter:cursoradapter:1.0.0] AndroidManifest.xml:20:5-44
MERGED from [androidx.cursoradapter:cursoradapter:1.0.0] AndroidManifest.xml:20:5-44
MERGED from [androidx.lifecycle:lifecycle-viewmodel-savedstate:2.3.1] AndroidManifest.xml:20:5-22:41